<?xml version="1.0" encoding="UTF-8"?>
<!-- Generated by org.testng.reporters.JUnitXMLReporter -->
<testsuite ignored="4" hostname="DESKTOP-39GT5A6" failures="0" tests="3" name="Test" time="53.281" errors="0" timestamp="2022-11-10T17:31:45 IST">
  <testcase classname="testcasestestng.Test3" name="addBeneficiaryFundtransferStatement" time="22.204"/>
  <testcase classname="testcasestestng.Test2" name="addBeneficiaryTransferFund" time="19.387"/>
  <testcase classname="testcasestestng.Test4" name="staffLoginApprovePendingAccount" time="3.512"/>
  <testcase classname="com.onlinebankingsystem.Banking.genericlibrary.BaseClass" name="@BeforeSuite connectToDB" time="0.0">
    <ignored/>
  </testcase> <!-- @BeforeSuite connectToDB -->
  <testcase classname="com.onlinebankingsystem.Banking.genericlibrary.BaseClass" name="@BeforeSuite connectToDB" time="0.0">
    <ignored/>
  </testcase> <!-- @BeforeSuite connectToDB -->
  <testcase classname="com.onlinebankingsystem.Banking.genericlibrary.BaseClass" name="@AfterSuite closeDB" time="0.0">
    <ignored/>
  </testcase> <!-- @AfterSuite closeDB -->
  <testcase classname="com.onlinebankingsystem.Banking.genericlibrary.BaseClass" name="@AfterSuite closeDB" time="0.0">
    <ignored/>
  </testcase> <!-- @AfterSuite closeDB -->
</testsuite> <!-- Test -->
