<?xml version="1.0" encoding="UTF-8"?>
<!-- Generated by org.testng.reporters.JUnitXMLReporter -->
<testsuite ignored="0" hostname="DESKTOP-39GT5A6" failures="1" tests="1" name="Test" time="6.334" errors="0" timestamp="2022-11-14T13:26:28 IST">
  <testcase classname="testcasestestng.Test3" name="addBeneficiaryFundtransferStatement" time="2.912">
    <failure type="java.lang.AssertionError" message="null">
      <![CDATA[java.lang.AssertionError: null
at testcasestestng.Test3.addBeneficiaryFundtransferStatement(Test3.java:75)
at java.base/java.util.ArrayList.forEach(ArrayList.java:1511)
... Removed 29 stack frames]]>
    </failure>
  </testcase> <!-- addBeneficiaryFundtransferStatement -->
</testsuite> <!-- Test -->
