<?xml version="1.0" encoding="UTF-8"?>
<!-- Generated by org.testng.reporters.JUnitXMLReporter -->
<testsuite ignored="2" hostname="DESKTOP-39GT5A6" failures="0" tests="2" name="Test2" time="96.734" errors="0" timestamp="2022-11-11T11:04:13 IST">
  <testcase classname="testcasestestng.Test3" name="addBeneficiaryFundtransferStatement" time="30.987"/>
  <testcase classname="testcasestestng.Test2" name="addBeneficiaryTransferFund" time="21.759"/>
  <testcase classname="com.onlinebankingsystem.Banking.genericlibrary.BaseClass" name="@BeforeSuite connectToDB" time="0.0">
    <ignored/>
  </testcase> <!-- @BeforeSuite connectToDB -->
  <testcase classname="com.onlinebankingsystem.Banking.genericlibrary.BaseClass" name="@AfterSuite closeDB" time="0.0">
    <ignored/>
  </testcase> <!-- @AfterSuite closeDB -->
</testsuite> <!-- Test2 -->
